<?xml version="1.0" encoding="utf-8"?><testsuites><testsuite name="pytest" errors="0" failures="0" skipped="0" tests="122" time="11.506" timestamp="2025-05-28T13:23:22.425412+00:00" hostname="pkrvmf6wy0o8zjz"><testcase classname="tests.test_config.TestLoggingConfig" name="test_github_secrets_with_yaml_config" time="0.029" /><testcase classname="tests.test_config.TestLoggingConfig" name="test_priority_order_with_all_sources" time="0.005" /><testcase classname="tests.test_config.TestLoggingConfig" name="test_cli_config_overrides_initial_config" time="0.005" /><testcase classname="tests.test_config.TestLoggingConfig" name="test_type_conversion_from_different_sources" time="0.011" /><testcase classname="tests.test_config.TestLoggingConfig" name="test_env_only_overrides_default" time="0.003" /><testcase classname="tests.test_config.TestLoggingConfig" name="test_yaml_only_overrides_default" time="0.003" /><testcase classname="tests.test_config.TestLoggingConfig" name="test_yaml_overrides_env" time="0.003" /><testcase classname="tests.test_config.TestLoggingConfig" name="test_default_used_when_no_env_or_yaml" time="0.003" /><testcase classname="tests.test_config.TestLoggingConfig" name="test_type_conversion_for_booleans" time="0.003" /><testcase classname="tests.test_config.TestLoggingConfig" name="test_file_does_not_overwrite_unset_keys" time="0.003" /><testcase classname="tests.test_config_checking_priority.TestConfigurationLoading" name="test_environment_priority" time="0.005" /><testcase classname="tests.test_config_checking_priority.TestConfigurationLoading" name="test_kwargs_override_all" time="0.004" /><testcase classname="tests.test_config_checking_priority.TestConfigurationLoading" name="test_numeric_conversion" time="0.004" /><testcase classname="tests.test_config_checking_priority.TestConfigurationLoading" name="test_standard_env_vars" time="0.004" /><testcase classname="tests.test_config_checking_priority.TestConfigurationLoading" name="test_yaml_loading_sequence_verbose" time="0.008" /><testcase classname="tests.test_config_checking_priority.TestConfigurationLoading" name="test_yaml_values_preserved" time="0.005" /><testcase classname="tests.test_config_processing.TestConfigProcessing" name="test_string_config_from_env" time="0.004" /><testcase classname="tests.test_config_processing.TestConfigProcessing" name="test_numeric_config_from_env" time="0.004" /><testcase classname="tests.test_config_processing.TestConfigProcessing" name="test_bool_config_from_env" time="0.004" /><testcase classname="tests.test_config_processing.TestConfigProcessing" name="test_string_config_from_cli" time="0.005" /><testcase classname="tests.test_config_processing.TestConfigProcessing" name="test_format_used_in_logging" time="0.005" /><testcase classname="tests.test_config_processing.TestConfigProcessing" name="test_config_file_loading" time="0.006" /><testcase classname="tests.test_config_processing.TestConfigProcessing" name="test_config_priority" time="0.005" /><testcase classname="tests.test_configurations.TestConfigurationsImpact" name="test_console_level_filtering" time="0.008" /><testcase classname="tests.test_configurations.TestConfigurationsImpact" name="test_debug_level_logging" time="0.004" /><testcase classname="tests.test_configurations.TestConfigurationsImpact" name="test_dynamic_level_updates" time="0.005" /><testcase classname="tests.test_configurations.TestConfigurationsImpact" name="test_error_level_logging" time="0.004" /><testcase classname="tests.test_configurations.TestConfigurationsImpact" name="test_info_level_logging" time="0.004" /><testcase classname="tests.test_configurations.TestConfigurationsImpact" name="test_log_file_captures_all_levels" time="0.004" /><testcase classname="tests.test_configurations.TestConfigurationsImpact" name="test_log_filename_actual_file_creation" time="0.205" /><testcase classname="tests.test_configurations.TestConfigurationsImpact" name="test_log_filename_default_value" time="0.003" /><testcase classname="tests.test_configurations.TestConfigurationsImpact" name="test_log_filename_from_cli" time="0.004" /><testcase classname="tests.test_configurations.TestConfigurationsImpact" name="test_log_filename_from_env" time="0.003" /><testcase classname="tests.test_configurations.TestConfigurationsImpact" name="test_log_filename_from_github_env" time="0.003" /><testcase classname="tests.test_configurations.TestConfigurationsImpact" name="test_log_filename_from_yaml" time="0.004" /><testcase classname="tests.test_configurations.TestConfigurationsImpact" name="test_log_filename_priority_order" time="0.005" /><testcase classname="tests.test_configurations.TestConfigurationsImpact" name="test_log_level_filtering" time="0.008" /><testcase classname="tests.test_configurations.TestConfigurationsImpact" name="test_log_level_priority" time="0.004" /><testcase classname="tests.test_configurations.TestConfigurationsImpact" name="test_multiple_logger_level_independence" time="0.005" /><testcase classname="tests.test_configurations.TestConfigurationsImpact" name="test_nested_configuration_keys" time="0.004" /><testcase classname="tests.test_configurations.TestConfigurationsImpact" name="test_rotation_size_impact" time="0.003" /><testcase classname="tests.test_configurations.TestConfigurationsImpact" name="test_rotation_size_impact_1" time="0.557" /><testcase classname="tests.test_configurations.TestConfigurationsImpact" name="test_yaml_config_file" time="0.005" /><testcase classname="tests.test_edge_cases.TestEdgeCases" name="test_non_ascii_messages" time="0.005" /><testcase classname="tests.test_edge_cases.TestEdgeCases" name="test_null_chars_in_log" time="0.004" /><testcase classname="tests.test_edge_cases.TestEdgeCases" name="test_rapid_creation" time="0.537" /><testcase classname="tests.test_edge_cases.TestEdgeCases" name="test_very_large_message" time="0.286" /><testcase classname="tests.test_edge_cases_pytest" name="test_permission_handling" time="0.010" /><testcase classname="tests.test_edge_cases_pytest" name="test_logging_capture_chain" time="0.009" /><testcase classname="tests.test_fixtures" name="test_session_setup" time="0.007" /><testcase classname="tests.test_fixtures" name="test_module_reset" time="0.007" /><testcase classname="tests.test_fixtures" name="test_logging_config_reset" time="0.007" /><testcase classname="tests.test_fixtures" name="test_capture_logs_functionality" time="0.008" /><testcase classname="tests.test_fixtures" name="test_handler_cleanup" time="0.008" /><testcase classname="tests.test_fixtures" name="test_handler_state_after_cleanup" time="0.008" /><testcase classname="tests.test_fixtures" name="test_environment_preservation" time="0.007" /><testcase classname="tests.test_fixtures" name="test_environment_clean" time="0.007" /><testcase classname="tests.test_fixtures" name="test_critical_handler_preservation" time="0.008" /><testcase classname="tests.test_fixtures" name="test_log_level_persistence[DEBUG]" time="0.009" /><testcase classname="tests.test_fixtures" name="test_log_level_persistence[INFO]" time="0.009" /><testcase classname="tests.test_fixtures" name="test_log_level_persistence[WARNING]" time="0.009" /><testcase classname="tests.test_fixtures" name="test_log_level_persistence[ERROR]" time="0.009" /><testcase classname="tests.test_integration.TestIntegration" name="test_env_var_config" time="0.008" /><testcase classname="tests.test_integration.TestIntegration" name="test_exception_logging" time="0.009" /><testcase classname="tests.test_integration.TestIntegration" name="test_stdout_redirection" time="0.010" /><testcase classname="tests.test_log.TestColoredLogger" name="test_logger_initialization_stdout" time="0.014" /><testcase classname="tests.test_log.TestColoredLogger" name="test_logger_initialization" time="0.013" /><testcase classname="tests.test_log.TestColoredLogger" name="test_logger_no_redundant_handlers" time="0.014" /><testcase classname="tests.test_log.TestColoredLogger" name="test_log_file_creation_with_logger" time="0.013" /><testcase classname="tests.test_log.TestColoredLogger" name="test_log_file_creation" time="0.214" /><testcase classname="tests.test_log.TestColoredLogger" name="test_log_message_format" time="0.014" /><testcase classname="tests.test_log.TestColoredLogger" name="test_log_levels" time="0.014" /><testcase classname="tests.test_log.TestColoredLogger" name="test_multiprocessing_logging" time="0.247" /><testcase classname="tests.test_log.TestColoredLogger" name="test_logger_reset" time="0.015" /><testcase classname="tests.test_log.TestColoredLogger" name="test_critical_exit_handler" time="0.014" /><testcase classname="tests.test_log.TestColoredLogger" name="test_colored_formatter_output" time="0.013" /><testcase classname="tests.test_log.TestColoredLogger" name="test_file_handler_rotation" time="0.111" /><testcase classname="tests.test_log.TestColoredLogger" name="test_update_logger_level" time="0.015" /><testcase classname="tests.test_log.TestColoredLogger" name="test_level_setter" time="0.014" /><testcase classname="tests.test_log.TestColoredLogger" name="test_level_setter_affects_only_console_handlers" time="0.013" /><testcase classname="tests.test_log_format.TestLogFormat" name="test_default_log_format" time="0.009" /><testcase classname="tests.test_log_format.TestLogFormat" name="test_custom_log_format_via_kwargs" time="0.009" /><testcase classname="tests.test_log_format.TestLogFormat" name="test_log_format_via_env_var" time="0.009" /><testcase classname="tests.test_log_format.TestLogFormat" name="test_log_format_priority" time="0.010" /><testcase classname="tests.test_log_format.TestLogFormat" name="test_file_logging_works" time="0.210" /><testcase classname="tests.test_log_format.TestLogFormat" name="test_datefmt_default_value" time="0.008" /><testcase classname="tests.test_log_format.TestLogFormat" name="test_datefmt_from_env" time="0.007" /><testcase classname="tests.test_log_format.TestLogFormat" name="test_datefmt_from_github_env" time="0.007" /><testcase classname="tests.test_log_format.TestLogFormat" name="test_datefmt_from_yaml" time="0.008" /><testcase classname="tests.test_log_format.TestLogFormat" name="test_datefmt_from_cli" time="0.008" /><testcase classname="tests.test_log_format.TestLogFormat" name="test_datefmt_priority_order" time="0.009" /><testcase classname="tests.test_log_format_isolated.TestLogFormattingIsolated" name="test_basic_format" time="0.010" /><testcase classname="tests.test_log_format_isolated.TestLogFormattingIsolated" name="test_capture_mechanism" time="0.010" /><testcase classname="tests.test_log_format_isolated.TestLogFormattingIsolated" name="test_colored_formatter_behavior" time="0.009" /><testcase classname="tests.test_log_format_isolated.TestLogFormattingIsolated" name="test_colored_logger_handler_inheritance" time="0.010" /><testcase classname="tests.test_log_format_isolated.TestLogFormattingIsolated" name="test_config_format_inheritance" time="0.011" /><testcase classname="tests.test_log_format_isolated.TestLogFormattingIsolated" name="test_console_vs_file_format" time="0.010" /><testcase classname="tests.test_log_format_isolated.TestLogFormattingIsolated" name="test_env_format" time="0.010" /><testcase classname="tests.test_log_format_isolated.TestLogFormattingIsolated" name="test_handler_formats" time="0.009" /><testcase classname="tests.test_log_format_isolated.TestLogFormattingIsolated" name="test_handler_initialization" time="0.009" /><testcase classname="tests.test_log_format_isolated.TestLogFormattingIsolated" name="test_log_file_creation_and_format" time="0.512" /><testcase classname="tests.test_log_format_isolated.TestLogFormattingIsolated" name="test_logger_propagation" time="0.010" /><testcase classname="tests.test_log_format_isolated.TestLogFormattingIsolated" name="test_multiprocess_handler_setup" time="0.018" /><testcase classname="tests.test_log_format_isolated.TestLogFormattingIsolated" name="test_output_capture_mechanics" time="0.009" /><testcase classname="tests.test_log_format_isolated.TestLogFormattingIsolated" name="test_root_logger_interaction" time="0.010" /><testcase classname="tests.test_log_format_isolated.TestLogFormattingIsolated" name="test_simple_format" time="0.010" /><testcase classname="tests.test_log_format_isolated.TestLogFormattingIsolated" name="test_standard_format" time="0.010" /><testcase classname="tests.test_mixed_concurrency.TestMixedConcurrency" name="test_basic_mixed_concurrency" time="0.536" /><testcase classname="tests.test_multithreading.TestMultithreading" name="test_concurrent_logging_small_scale" time="0.129" /><testcase classname="tests.test_prio.TestConfigPriority" name="test_yaml_config_only" time="0.011" /><testcase classname="tests.test_prio.TestConfigPriority" name="test_cli_args_only" time="0.009" /><testcase classname="tests.test_prio.TestConfigPriority" name="test_cli_args_override_yaml" time="0.011" /><testcase classname="tests.test_prio.TestConfigPriority" name="test_env_vars_with_cli_override" time="0.009" /><testcase classname="tests.test_prio.TestConfigPriority" name="test_env_wins_when_cli_absent_with_kwargs" time="0.009" /><testcase classname="tests.test_prio.TestConfigPriority" name="test_cli_wins_over_env_with_kwargs" time="0.009" /><testcase classname="tests.test_prio.TestConfigPriority" name="test_env_wins_when_cli_absent_simplified_init" time="0.009" /><testcase classname="tests.test_prio.TestConfigPriority" name="test_load_raw_cli_args_without_filename" time="0.009" /><testcase classname="tests.test_prio.TestConfigPriority" name="test_initialize_steps_env_no_cli_with_kwargs" time="0.010" /><testcase classname="tests.test_prio.TestConfigPriority" name="test_github_env_wins_when_log_env_absent" time="0.009" /><testcase classname="tests.test_prio.TestConfigPriority" name="test_log_env_wins_over_github_env" time="0.009" /><testcase classname="tests.test_stress.TestStressCases" name="test_bursty_logging" time="1.387" /><testcase classname="tests.test_stress.TestStressCases" name="test_flood_logging" time="4.836" /></testsuite></testsuites>